<?xml version="1.0" encoding="UTF-8"?>
<!-- Generated by org.testng.reporters.JUnitReportReporter -->
<testsuite hostname="LAPTOP-SSQPGT4E" failures="0" tests="3" name="testNGFW.day1" time="0.025" errors="0" timestamp="2023-05-07T11:18:06 EDT" skipped="0">
  <testcase classname="testNGFW.day1" name="SecondTest" time="0.005"/>
  <system-out/>
  <testcase classname="testNGFW.day1" name="Demo" time="0.016"/>
  <system-out/>
  <testcase classname="testNGFW.day1" name="ThirdTest" time="0.004"/>
  <system-out/>
</testsuite> <!-- testNGFW.day1 -->
