<?xml version="1.0" encoding="UTF-8"?>
<!-- Generated by org.testng.reporters.JUnitReportReporter -->
<testsuite hostname="LAPTOP-SSQPGT4E" failures="0" tests="1" name="testngpackage.day2" time="0.004" errors="0" timestamp="2023-02-26T09:41:49 EST" skipped="0">
  <testcase classname="testngpackage.day2" name="ploan" time="0.004"/>
  <system-out/>
</testsuite> <!-- testngpackage.day2 -->
