<?xml version="1.0" encoding="UTF-8"?>
<!-- Generated by org.testng.reporters.JUnitReportReporter -->
<testsuite hostname="LAPTOP-SSQPGT4E" failures="0" tests="3" name="parameterization.Data_Provider" time="45.367" errors="0" timestamp="2023-02-26T11:17:53 EST" skipped="0">
  <testcase classname="parameterization.Data_Provider" name="paramByDataProvider" time="11.587"/>
  <system-out/>
  <testcase classname="parameterization.Data_Provider" name="paramByDataProvider" time="19.166"/>
  <system-out/>
  <testcase classname="parameterization.Data_Provider" name="paramByDataProvider" time="14.614"/>
  <system-out/>
</testsuite> <!-- parameterization.Data_Provider -->
