<?xml version="1.0" encoding="UTF-8"?>
<!-- Generated by org.testng.reporters.JUnitReportReporter -->
<testsuite hostname="LAPTOP-SSQPGT4E" failures="0" tests="3" name="parameterization.ParameterizedClass" time="32.310" errors="0" timestamp="2023-02-26T10:11:24 EST" skipped="0">
  <testcase classname="parameterization.ParameterizedClass" name="Parameterpassing" time="5.933"/>
  <system-out/>
  <testcase classname="parameterization.ParameterizedClass" name="Parameterpassing" time="13.231"/>
  <system-out/>
  <testcase classname="parameterization.ParameterizedClass" name="Parameterpassing" time="13.146"/>
  <system-out/>
</testsuite> <!-- parameterization.ParameterizedClass -->
