<?xml version="1.0" encoding="UTF-8"?>
<!-- Generated by org.testng.reporters.JUnitReportReporter -->
<testsuite hostname="LAPTOP-SSQPGT4E" failures="0" tests="3" name="testNGFW.day2" time="0.025" errors="0" timestamp="2023-05-14T10:16:00 EDT" skipped="0">
  <testcase classname="testNGFW.day2" name="ploasn5" time="0.002"/>
  <system-out/>
  <testcase classname="testNGFW.day2" name="ploasn3" time="0.021"/>
  <system-out/>
  <testcase classname="testNGFW.day2" name="ploasn4" time="0.002"/>
  <system-out/>
</testsuite> <!-- testNGFW.day2 -->
